2025-10-23 13:20:34,587 - __main__ - INFO - Starting Fully Automated Romance Book Workflow
2025-10-23 13:20:34,587 - __main__ - INFO - ============================================================
2025-10-23 13:20:34,587 - __main__ - INFO - Step 1: Creating priority lists...
2025-10-23 13:20:34,587 - __main__ - INFO - Starting: Creating priority book lists
2025-10-23 13:20:34,587 - __main__ - INFO - Command: python utils/priority_book_selector.py --romance-csv ../../data/processed/romance_books_main_final_canonicalized.csv --output-dir automated_outputs/priority_lists
2025-10-23 13:20:34,611 - __main__ - ERROR - ✗ Failed: Creating priority book lists
2025-10-23 13:20:34,611 - __main__ - ERROR - Error: python: can't open file '/home/polina/Documents/goodreads_romance_research_cursor/romance-novel-nlp-research/src/anna_archive_matcher/utils/priority_book_selector.py': [Errno 2] No such file or directory

2025-10-23 13:20:34,611 - __main__ - ERROR - Failed to create priority lists. Exiting.
2025-10-23 13:20:45,825 - __main__ - INFO - Starting Fully Automated Romance Book Workflow
2025-10-23 13:20:45,826 - __main__ - INFO - ============================================================
2025-10-23 13:20:45,826 - __main__ - INFO - Step 1: Creating priority lists...
2025-10-23 13:20:45,826 - __main__ - INFO - Starting: Creating priority book lists
2025-10-23 13:20:45,826 - __main__ - INFO - Command: python utils/priority_book_selector.py --romance-csv ../../data/processed/romance_books_main_final_canonicalized.csv --output-dir automated_outputs/priority_lists
2025-10-23 13:20:45,850 - __main__ - ERROR - ✗ Failed: Creating priority book lists
2025-10-23 13:20:45,850 - __main__ - ERROR - Error: python: can't open file '/home/polina/Documents/goodreads_romance_research_cursor/romance-novel-nlp-research/src/anna_archive_matcher/utils/priority_book_selector.py': [Errno 2] No such file or directory

2025-10-23 13:20:45,850 - __main__ - ERROR - Failed to create priority lists. Exiting.
2025-10-23 13:21:50,795 - __main__ - INFO - Starting Fully Automated Romance Book Workflow
2025-10-23 13:21:50,796 - __main__ - INFO - ============================================================
2025-10-23 13:21:50,796 - __main__ - INFO - Step 1: Creating priority lists...
2025-10-23 13:21:50,796 - __main__ - INFO - Starting: Creating priority book lists
2025-10-23 13:21:50,796 - __main__ - INFO - Command: python utils/priority_book_selector.py --romance-csv ../../data/processed/sample_50_books.csv --output-dir automated_outputs/priority_lists
2025-10-23 13:21:50,840 - __main__ - ERROR - ✗ Failed: Creating priority book lists
2025-10-23 13:21:50,840 - __main__ - ERROR - Error: python: can't open file '/home/polina/Documents/goodreads_romance_research_cursor/romance-novel-nlp-research/src/anna_archive_matcher/utils/priority_book_selector.py': [Errno 2] No such file or directory

2025-10-23 13:21:50,840 - __main__ - ERROR - Failed to create priority lists. Exiting.
