2025-10-23 13:48:33,370 - INFO - Loading books from ../../data/processed/sample_50_books.csv
2025-10-23 13:48:33,378 - INFO - Robust automated searcher initialized
2025-10-23 13:48:33,378 - INFO - Starting robust automated search for 2 books
2025-10-23 13:48:33,379 - INFO - Processing book 1/2
2025-10-23 13:48:35,181 - INFO - Searching: An Excellent conceited Tragedie of Romeo and Juliet by William Shakespeare (strategy 1, attempt 1, URL: https://annas-archive.org)
2025-10-23 13:48:35,547 - INFO - Searching: An Excellent conceited Tragedie of Romeo and Juliet by William Shakespeare (strategy 1, attempt 1, URL: https://annas-archive.li)
2025-10-23 13:48:35,780 - INFO - Searching: An Excellent conceited Tragedie of Romeo and Juliet by William Shakespeare (strategy 1, attempt 1, URL: https://annas-archive.net)
2025-10-23 13:48:38,903 - INFO - Searching: An Excellent conceited Tragedie of Romeo and Juliet by William Shakespeare (strategy 1, attempt 2, URL: https://annas-archive.org)
2025-10-23 13:48:38,968 - INFO - Searching: An Excellent conceited Tragedie of Romeo and Juliet by William Shakespeare (strategy 1, attempt 2, URL: https://annas-archive.li)
2025-10-23 13:48:39,241 - INFO - Searching: An Excellent conceited Tragedie of Romeo and Juliet by William Shakespeare (strategy 1, attempt 2, URL: https://annas-archive.net)
2025-10-23 13:48:42,761 - INFO - Searching: An Excellent conceited Tragedie of Romeo and Juliet by William Shakespeare (strategy 1, attempt 3, URL: https://annas-archive.org)
2025-10-23 13:48:42,816 - INFO - Searching: An Excellent conceited Tragedie of Romeo and Juliet by William Shakespeare (strategy 1, attempt 3, URL: https://annas-archive.li)
2025-10-23 13:48:42,877 - INFO - Searching: An Excellent conceited Tragedie of Romeo and Juliet by William Shakespeare (strategy 1, attempt 3, URL: https://annas-archive.net)
2025-10-23 13:48:44,654 - INFO - Searching: An Excellent conceited Tragedie of Romeo and Juliet by William Shakespeare (strategy 2, attempt 1, URL: https://annas-archive.org)
2025-10-23 13:48:44,725 - INFO - Searching: An Excellent conceited Tragedie of Romeo and Juliet by William Shakespeare (strategy 2, attempt 1, URL: https://annas-archive.li)
2025-10-23 13:48:44,801 - INFO - Searching: An Excellent conceited Tragedie of Romeo and Juliet by William Shakespeare (strategy 2, attempt 1, URL: https://annas-archive.net)
2025-10-23 13:48:47,129 - INFO - Searching: An Excellent conceited Tragedie of Romeo and Juliet by William Shakespeare (strategy 2, attempt 2, URL: https://annas-archive.org)
2025-10-23 13:48:47,199 - INFO - Searching: An Excellent conceited Tragedie of Romeo and Juliet by William Shakespeare (strategy 2, attempt 2, URL: https://annas-archive.li)
2025-10-23 13:48:47,268 - INFO - Searching: An Excellent conceited Tragedie of Romeo and Juliet by William Shakespeare (strategy 2, attempt 2, URL: https://annas-archive.net)
2025-10-23 13:48:50,503 - INFO - Searching: An Excellent conceited Tragedie of Romeo and Juliet by William Shakespeare (strategy 2, attempt 3, URL: https://annas-archive.org)
2025-10-23 13:48:50,556 - INFO - Searching: An Excellent conceited Tragedie of Romeo and Juliet by William Shakespeare (strategy 2, attempt 3, URL: https://annas-archive.li)
2025-10-23 13:48:50,608 - INFO - Searching: An Excellent conceited Tragedie of Romeo and Juliet by William Shakespeare (strategy 2, attempt 3, URL: https://annas-archive.net)
2025-10-23 13:48:52,571 - INFO - Searching: An Excellent conceited Tragedie of Romeo and Juliet by William Shakespeare (strategy 3, attempt 1, URL: https://annas-archive.org)
2025-10-23 13:48:52,662 - INFO - Searching: An Excellent conceited Tragedie of Romeo and Juliet by William Shakespeare (strategy 3, attempt 1, URL: https://annas-archive.li)
2025-10-23 13:48:52,714 - INFO - Searching: An Excellent conceited Tragedie of Romeo and Juliet by William Shakespeare (strategy 3, attempt 1, URL: https://annas-archive.net)
2025-10-23 13:48:55,739 - INFO - Searching: An Excellent conceited Tragedie of Romeo and Juliet by William Shakespeare (strategy 3, attempt 2, URL: https://annas-archive.org)
2025-10-23 13:48:55,791 - INFO - Searching: An Excellent conceited Tragedie of Romeo and Juliet by William Shakespeare (strategy 3, attempt 2, URL: https://annas-archive.li)
2025-10-23 13:48:55,880 - INFO - Searching: An Excellent conceited Tragedie of Romeo and Juliet by William Shakespeare (strategy 3, attempt 2, URL: https://annas-archive.net)
2025-10-23 13:48:59,175 - INFO - Searching: An Excellent conceited Tragedie of Romeo and Juliet by William Shakespeare (strategy 3, attempt 3, URL: https://annas-archive.org)
2025-10-23 13:48:59,238 - INFO - Searching: An Excellent conceited Tragedie of Romeo and Juliet by William Shakespeare (strategy 3, attempt 3, URL: https://annas-archive.li)
2025-10-23 13:48:59,316 - INFO - Searching: An Excellent conceited Tragedie of Romeo and Juliet by William Shakespeare (strategy 3, attempt 3, URL: https://annas-archive.net)
2025-10-23 13:49:00,503 - INFO - Searching: An Excellent conceited Tragedie of Romeo and Juliet by William Shakespeare (strategy 4, attempt 1, URL: https://annas-archive.org)
2025-10-23 13:49:00,577 - INFO - Searching: An Excellent conceited Tragedie of Romeo and Juliet by William Shakespeare (strategy 4, attempt 1, URL: https://annas-archive.li)
2025-10-23 13:49:00,646 - INFO - Searching: An Excellent conceited Tragedie of Romeo and Juliet by William Shakespeare (strategy 4, attempt 1, URL: https://annas-archive.net)
2025-10-23 13:49:02,941 - INFO - Searching: An Excellent conceited Tragedie of Romeo and Juliet by William Shakespeare (strategy 4, attempt 2, URL: https://annas-archive.org)
2025-10-23 13:49:03,001 - INFO - Searching: An Excellent conceited Tragedie of Romeo and Juliet by William Shakespeare (strategy 4, attempt 2, URL: https://annas-archive.li)
2025-10-23 13:49:03,067 - INFO - Searching: An Excellent conceited Tragedie of Romeo and Juliet by William Shakespeare (strategy 4, attempt 2, URL: https://annas-archive.net)
2025-10-23 13:49:06,316 - INFO - Searching: An Excellent conceited Tragedie of Romeo and Juliet by William Shakespeare (strategy 4, attempt 3, URL: https://annas-archive.org)
2025-10-23 13:49:06,391 - INFO - Searching: An Excellent conceited Tragedie of Romeo and Juliet by William Shakespeare (strategy 4, attempt 3, URL: https://annas-archive.li)
2025-10-23 13:49:06,462 - INFO - Searching: An Excellent conceited Tragedie of Romeo and Juliet by William Shakespeare (strategy 4, attempt 3, URL: https://annas-archive.net)
2025-10-23 13:49:08,259 - INFO - Searching: An Excellent conceited Tragedie of Romeo and Juliet by William Shakespeare (strategy 5, attempt 1, URL: https://annas-archive.org)
2025-10-23 13:49:08,309 - INFO - Searching: An Excellent conceited Tragedie of Romeo and Juliet by William Shakespeare (strategy 5, attempt 1, URL: https://annas-archive.li)
2025-10-23 13:49:08,355 - INFO - Searching: An Excellent conceited Tragedie of Romeo and Juliet by William Shakespeare (strategy 5, attempt 1, URL: https://annas-archive.net)
2025-10-23 13:49:10,942 - INFO - Searching: An Excellent conceited Tragedie of Romeo and Juliet by William Shakespeare (strategy 5, attempt 2, URL: https://annas-archive.org)
2025-10-23 13:49:10,994 - INFO - Searching: An Excellent conceited Tragedie of Romeo and Juliet by William Shakespeare (strategy 5, attempt 2, URL: https://annas-archive.li)
2025-10-23 13:49:11,043 - INFO - Searching: An Excellent conceited Tragedie of Romeo and Juliet by William Shakespeare (strategy 5, attempt 2, URL: https://annas-archive.net)
2025-10-23 13:49:14,192 - INFO - Searching: An Excellent conceited Tragedie of Romeo and Juliet by William Shakespeare (strategy 5, attempt 3, URL: https://annas-archive.org)
2025-10-23 13:49:14,241 - INFO - Searching: An Excellent conceited Tragedie of Romeo and Juliet by William Shakespeare (strategy 5, attempt 3, URL: https://annas-archive.li)
2025-10-23 13:49:14,282 - INFO - Searching: An Excellent conceited Tragedie of Romeo and Juliet by William Shakespeare (strategy 5, attempt 3, URL: https://annas-archive.net)
2025-10-23 13:49:14,393 - INFO - Not found: An Excellent conceited Tragedie of Romeo and Juliet by William Shakespeare
2025-10-23 13:49:14,394 - INFO - Processing book 2/2
2025-10-23 13:49:15,771 - INFO - Searching: Fifty Shades Darker by E.L. James (strategy 1, attempt 1, URL: https://annas-archive.org)
2025-10-23 13:49:15,819 - INFO - Searching: Fifty Shades Darker by E.L. James (strategy 1, attempt 1, URL: https://annas-archive.li)
2025-10-23 13:49:15,863 - INFO - Searching: Fifty Shades Darker by E.L. James (strategy 1, attempt 1, URL: https://annas-archive.net)
2025-10-23 13:49:18,825 - INFO - Searching: Fifty Shades Darker by E.L. James (strategy 1, attempt 2, URL: https://annas-archive.org)
2025-10-23 13:49:18,867 - INFO - Searching: Fifty Shades Darker by E.L. James (strategy 1, attempt 2, URL: https://annas-archive.li)
2025-10-23 13:49:18,914 - INFO - Searching: Fifty Shades Darker by E.L. James (strategy 1, attempt 2, URL: https://annas-archive.net)
2025-10-23 13:49:22,854 - INFO - Searching: Fifty Shades Darker by E.L. James (strategy 1, attempt 3, URL: https://annas-archive.org)
2025-10-23 13:49:22,914 - INFO - Searching: Fifty Shades Darker by E.L. James (strategy 1, attempt 3, URL: https://annas-archive.li)
2025-10-23 13:49:22,973 - INFO - Searching: Fifty Shades Darker by E.L. James (strategy 1, attempt 3, URL: https://annas-archive.net)
2025-10-23 13:49:24,631 - INFO - Searching: Fifty Shades Darker by E.L. James (strategy 2, attempt 1, URL: https://annas-archive.org)
2025-10-23 13:49:24,687 - INFO - Searching: Fifty Shades Darker by E.L. James (strategy 2, attempt 1, URL: https://annas-archive.li)
2025-10-23 13:49:24,726 - INFO - Searching: Fifty Shades Darker by E.L. James (strategy 2, attempt 1, URL: https://annas-archive.net)
2025-10-23 13:49:27,015 - INFO - Searching: Fifty Shades Darker by E.L. James (strategy 2, attempt 2, URL: https://annas-archive.org)
2025-10-23 13:49:27,074 - INFO - Searching: Fifty Shades Darker by E.L. James (strategy 2, attempt 2, URL: https://annas-archive.li)
2025-10-23 13:49:27,134 - INFO - Searching: Fifty Shades Darker by E.L. James (strategy 2, attempt 2, URL: https://annas-archive.net)
2025-10-23 13:49:30,826 - INFO - Searching: Fifty Shades Darker by E.L. James (strategy 2, attempt 3, URL: https://annas-archive.org)
2025-10-23 13:49:30,890 - INFO - Searching: Fifty Shades Darker by E.L. James (strategy 2, attempt 3, URL: https://annas-archive.li)
2025-10-23 13:49:30,954 - INFO - Searching: Fifty Shades Darker by E.L. James (strategy 2, attempt 3, URL: https://annas-archive.net)
2025-10-23 13:49:33,041 - INFO - Searching: Fifty Shades Darker by E.L. James (strategy 3, attempt 1, URL: https://annas-archive.org)
2025-10-23 13:49:33,104 - INFO - Searching: Fifty Shades Darker by E.L. James (strategy 3, attempt 1, URL: https://annas-archive.li)
2025-10-23 13:49:33,164 - INFO - Searching: Fifty Shades Darker by E.L. James (strategy 3, attempt 1, URL: https://annas-archive.net)
2025-10-23 13:49:35,854 - INFO - Searching: Fifty Shades Darker by E.L. James (strategy 3, attempt 2, URL: https://annas-archive.org)
2025-10-23 13:49:35,914 - INFO - Searching: Fifty Shades Darker by E.L. James (strategy 3, attempt 2, URL: https://annas-archive.li)
2025-10-23 13:49:35,968 - INFO - Searching: Fifty Shades Darker by E.L. James (strategy 3, attempt 2, URL: https://annas-archive.net)
2025-10-23 13:49:39,847 - INFO - Searching: Fifty Shades Darker by E.L. James (strategy 3, attempt 3, URL: https://annas-archive.org)
2025-10-23 13:49:39,928 - INFO - Searching: Fifty Shades Darker by E.L. James (strategy 3, attempt 3, URL: https://annas-archive.li)
2025-10-23 13:49:40,003 - INFO - Searching: Fifty Shades Darker by E.L. James (strategy 3, attempt 3, URL: https://annas-archive.net)
2025-10-23 13:49:42,042 - INFO - Searching: Fifty Shades Darker by E.L. James (strategy 4, attempt 1, URL: https://annas-archive.org)
2025-10-23 13:49:42,104 - INFO - Searching: Fifty Shades Darker by E.L. James (strategy 4, attempt 1, URL: https://annas-archive.li)
2025-10-23 13:49:42,172 - INFO - Searching: Fifty Shades Darker by E.L. James (strategy 4, attempt 1, URL: https://annas-archive.net)
2025-10-23 13:49:44,476 - INFO - Searching: Fifty Shades Darker by E.L. James (strategy 4, attempt 2, URL: https://annas-archive.org)
2025-10-23 13:49:44,541 - INFO - Searching: Fifty Shades Darker by E.L. James (strategy 4, attempt 2, URL: https://annas-archive.li)
2025-10-23 13:49:44,597 - INFO - Searching: Fifty Shades Darker by E.L. James (strategy 4, attempt 2, URL: https://annas-archive.net)
2025-10-23 13:49:47,959 - INFO - Searching: Fifty Shades Darker by E.L. James (strategy 4, attempt 3, URL: https://annas-archive.org)
2025-10-23 13:49:48,021 - INFO - Searching: Fifty Shades Darker by E.L. James (strategy 4, attempt 3, URL: https://annas-archive.li)
2025-10-23 13:49:48,079 - INFO - Searching: Fifty Shades Darker by E.L. James (strategy 4, attempt 3, URL: https://annas-archive.net)
2025-10-23 13:49:49,569 - INFO - Searching: Fifty Shades Darker by E.L. James (strategy 5, attempt 1, URL: https://annas-archive.org)
2025-10-23 13:49:49,629 - INFO - Searching: Fifty Shades Darker by E.L. James (strategy 5, attempt 1, URL: https://annas-archive.li)
2025-10-23 13:49:49,674 - INFO - Searching: Fifty Shades Darker by E.L. James (strategy 5, attempt 1, URL: https://annas-archive.net)
2025-10-23 13:49:52,238 - INFO - Searching: Fifty Shades Darker by E.L. James (strategy 5, attempt 2, URL: https://annas-archive.org)
2025-10-23 13:49:52,280 - INFO - Searching: Fifty Shades Darker by E.L. James (strategy 5, attempt 2, URL: https://annas-archive.li)
2025-10-23 13:49:52,323 - INFO - Searching: Fifty Shades Darker by E.L. James (strategy 5, attempt 2, URL: https://annas-archive.net)
2025-10-23 13:49:56,388 - INFO - Searching: Fifty Shades Darker by E.L. James (strategy 5, attempt 3, URL: https://annas-archive.org)
2025-10-23 13:49:56,446 - INFO - Searching: Fifty Shades Darker by E.L. James (strategy 5, attempt 3, URL: https://annas-archive.li)
2025-10-23 13:49:56,485 - INFO - Searching: Fifty Shades Darker by E.L. James (strategy 5, attempt 3, URL: https://annas-archive.net)
2025-10-23 13:49:56,596 - INFO - Not found: Fifty Shades Darker by E.L. James
2025-10-23 13:49:56,597 - WARNING - No books found!
2025-10-23 13:49:56,603 - INFO - Final statistics: {'books_searched': 2, 'books_found': 0, 'downloads_found': 0, 'errors': 0, 'ssl_errors': 0, 'timeout_errors': 0}
